<?xml version="1.0" encoding="UTF-8"?>
<!-- Generated by org.testng.reporters.JUnitReportReporter -->
<testsuite hostname="Preets-MacBook-Pro.local" failures="0" tests="1" name="com.project.MavenExample" time="20.864" errors="0" timestamp="12 May 2018 18:00:39 GMT" skipped="0">
  <testcase classname="com.project.MavenExample" name="mavenTest" time="20.864"/>
</testsuite> <!-- com.project.MavenExample -->
