<?xml version="1.0" encoding="UTF-8"?>
<!-- Generated by org.testng.reporters.JUnitReportReporter -->
<testsuite hostname="Preets-MacBook-Pro.local" failures="0" tests="1" name="com.project.MavenExample" time="6.896" errors="0" timestamp="15 May 2018 22:59:33 GMT" skipped="0">
  <testcase classname="com.project.MavenExample" name="mavenTest" time="6.896"/>
</testsuite> <!-- com.project.MavenExample -->
